<?xml version="1.0" encoding="UTF-8"?><testsuite errors="0" failures="1" name="Academy Choucair" skipped="0" tests="1" time="20.18" timestamp="2021-05-02 06:35:01"><testcase name="Search from automation course"><failure message="Expected enabled element was not enabled" type="net.thucydides.core.webdriver.exceptions.ElementShouldBeEnabledException">Expected enabled element was not enabled</failure><system-err>Expected enabled element was not enabled&#13;
tasks.Login.performAs(Login.java:17)&#13;
co.com.choucair.certification.prueba_Choucair.stepdefinitions.ChoucairAcademyStepDefinitions.thanAnyerWantsToLearn(ChoucairAcademyStepDefinitions.java:21)&#13;
cucumber.runner.Runner.runPickle(Runner.java:80)&#13;
</system-err></testcase></testsuite>